mode: count
github.com/AndrewDonelson/golog/golog.go:81.38,83.2 1 1
github.com/AndrewDonelson/golog/golog.go:86.43,88.2 1 1
github.com/AndrewDonelson/golog/golog.go:91.46,93.2 1 9
github.com/AndrewDonelson/golog/golog.go:96.43,98.2 1 0
github.com/AndrewDonelson/golog/golog.go:101.65,109.22 2 0
github.com/AndrewDonelson/golog/golog.go:113.2,113.22 1 0
github.com/AndrewDonelson/golog/golog.go:123.2,126.56 4 0
github.com/AndrewDonelson/golog/golog.go:109.22,110.66 1 0
github.com/AndrewDonelson/golog/golog.go:113.22,117.3 2 0
github.com/AndrewDonelson/golog/golog.go:117.8,117.29 1 0
github.com/AndrewDonelson/golog/golog.go:117.29,121.3 2 0
github.com/AndrewDonelson/golog/golog.go:132.48,142.27 2 4
github.com/AndrewDonelson/golog/golog.go:156.2,158.56 3 4
github.com/AndrewDonelson/golog/golog.go:142.27,143.26 1 11
github.com/AndrewDonelson/golog/golog.go:144.15,145.14 1 4
github.com/AndrewDonelson/golog/golog.go:146.12,147.13 1 4
github.com/AndrewDonelson/golog/golog.go:148.18,149.11 1 3
github.com/AndrewDonelson/golog/golog.go:150.17,151.13 1 0
github.com/AndrewDonelson/golog/golog.go:152.11,153.37 1 0
github.com/AndrewDonelson/golog/golog.go:164.52,166.2 1 0
github.com/AndrewDonelson/golog/golog.go:169.69,184.16 5 52
github.com/AndrewDonelson/golog/golog.go:184.16,185.13 1 0
github.com/AndrewDonelson/golog/golog.go:190.40,193.2 2 0
github.com/AndrewDonelson/golog/golog.go:196.58,199.2 2 0
github.com/AndrewDonelson/golog/golog.go:202.40,204.16 2 0
github.com/AndrewDonelson/golog/golog.go:208.58,210.34 2 0
github.com/AndrewDonelson/golog/golog.go:214.43,216.2 1 7
github.com/AndrewDonelson/golog/golog.go:219.61,221.2 1 1
github.com/AndrewDonelson/golog/golog.go:224.40,226.2 1 8
github.com/AndrewDonelson/golog/golog.go:229.58,231.2 1 0
github.com/AndrewDonelson/golog/golog.go:234.42,236.2 1 7
github.com/AndrewDonelson/golog/golog.go:239.60,241.2 1 0
github.com/AndrewDonelson/golog/golog.go:244.42,246.2 1 7
github.com/AndrewDonelson/golog/golog.go:249.60,251.2 1 0
github.com/AndrewDonelson/golog/golog.go:254.41,256.2 1 7
github.com/AndrewDonelson/golog/golog.go:259.59,261.2 1 0
github.com/AndrewDonelson/golog/golog.go:264.39,266.2 1 7
github.com/AndrewDonelson/golog/golog.go:269.57,271.2 1 0
github.com/AndrewDonelson/golog/golog.go:274.40,276.2 1 8
github.com/AndrewDonelson/golog/golog.go:279.58,281.2 1 0
github.com/AndrewDonelson/golog/golog.go:284.47,285.19 1 0
github.com/AndrewDonelson/golog/golog.go:288.2,289.47 2 0
github.com/AndrewDonelson/golog/golog.go:285.19,287.3 1 0
github.com/AndrewDonelson/golog/golog.go:293.50,294.19 1 0
github.com/AndrewDonelson/golog/golog.go:297.2,298.50 2 0
github.com/AndrewDonelson/golog/golog.go:294.19,296.3 1 0
github.com/AndrewDonelson/golog/golog.go:302.21,306.2 3 0
github.com/AndrewDonelson/golog/info.go:25.45,37.54 2 31
github.com/AndrewDonelson/golog/info.go:40.2,40.12 1 31
github.com/AndrewDonelson/golog/info.go:37.54,39.3 1 0
github.com/AndrewDonelson/golog/info.go:44.40,55.2 2 31
github.com/AndrewDonelson/golog/local.go:10.13,13.2 2 1
github.com/AndrewDonelson/golog/local.go:16.58,17.48 1 2
github.com/AndrewDonelson/golog/local.go:20.2,22.16 3 2
github.com/AndrewDonelson/golog/local.go:57.2,58.8 2 2
github.com/AndrewDonelson/golog/local.go:17.48,19.3 1 0
github.com/AndrewDonelson/golog/local.go:22.16,25.22 3 19
github.com/AndrewDonelson/golog/local.go:55.3,55.39 1 17
github.com/AndrewDonelson/golog/local.go:25.22,26.24 1 19
github.com/AndrewDonelson/golog/local.go:26.24,28.57 1 16
github.com/AndrewDonelson/golog/local.go:28.57,33.32 2 16
github.com/AndrewDonelson/golog/local.go:39.6,43.52 3 14
github.com/AndrewDonelson/golog/local.go:46.6,46.29 1 14
github.com/AndrewDonelson/golog/local.go:33.32,36.15 3 2
github.com/AndrewDonelson/golog/local.go:43.52,45.7 1 1
github.com/AndrewDonelson/golog/local.go:47.11,49.6 1 0
github.com/AndrewDonelson/golog/local.go:50.10,53.5 2 3
github.com/AndrewDonelson/golog/local.go:63.51,65.11 2 14
github.com/AndrewDonelson/golog/local.go:68.2,68.52 1 13
github.com/AndrewDonelson/golog/local.go:71.2,72.15 2 13
github.com/AndrewDonelson/golog/local.go:75.2,77.8 3 1
github.com/AndrewDonelson/golog/local.go:65.11,67.3 1 1
github.com/AndrewDonelson/golog/local.go:68.52,70.3 1 0
github.com/AndrewDonelson/golog/local.go:72.15,74.3 1 12
github.com/AndrewDonelson/golog/local.go:81.36,83.2 1 8
github.com/AndrewDonelson/golog/local.go:86.19,96.2 1 1
github.com/AndrewDonelson/golog/local.go:99.31,112.2 1 1
github.com/AndrewDonelson/golog/worker.go:23.75,25.2 1 5
github.com/AndrewDonelson/golog/worker.go:28.43,30.2 1 1
github.com/AndrewDonelson/golog/worker.go:33.46,35.2 1 4
github.com/AndrewDonelson/golog/worker.go:38.43,40.2 1 0
github.com/AndrewDonelson/golog/worker.go:43.71,45.21 1 52
github.com/AndrewDonelson/golog/worker.go:49.2,49.18 1 31
github.com/AndrewDonelson/golog/worker.go:57.2,57.60 1 31
github.com/AndrewDonelson/golog/worker.go:45.21,47.3 1 21
github.com/AndrewDonelson/golog/worker.go:49.18,55.3 5 0
